<?xml version="1.0" encoding="UTF-8"?>
<testng-results ignored="0" total="1" passed="1" failed="0" skipped="0">
  <reporter-output>
  </reporter-output>
  <suite started-at="2022-10-04T10:47:59 IST" name="Suite" finished-at="2022-10-04T10:51:56 IST" duration-ms="237326">
    <groups>
    </groups>
    <test started-at="2022-10-04T10:47:59 IST" name="Test" finished-at="2022-10-04T10:51:56 IST" duration-ms="237326">
      <class name="goNow.GoNowHotel">
        <test-method signature="v12stagingforhotel(java.lang.String,java.lang.String,java.lang.String,java.lang.String,java.lang.String,java.lang.String,java.lang.String,java.lang.String,java.lang.String,java.lang.String,java.lang.String,java.lang.String,java.lang.String,java.lang.String,java.lang.String,java.lang.String,java.lang.String,java.lang.String,java.lang.String,java.lang.String,java.lang.String,java.lang.String,java.lang.String,java.lang.String,java.lang.String,java.lang.String,java.lang.String,java.lang.String,java.lang.String,java.lang.String,java.lang.String,java.lang.String,java.lang.String,java.lang.String,java.lang.String,java.lang.String,java.lang.String,java.lang.String,java.lang.String,java.lang.String,java.lang.String,java.lang.String,java.lang.String,java.lang.String,java.lang.String,java.lang.String,java.lang.String,java.lang.String,java.lang.String,java.lang.String,java.lang.String,java.lang.String,java.lang.String,java.lang.String,java.lang.String,java.lang.String)[pri:0, instance:goNow.GoNowHotel@69997e9d]" started-at="2022-10-04T10:48:00 IST" name="v12stagingforhotel" data-provider="getexceldata" finished-at="2022-10-04T10:51:56 IST" duration-ms="236041" status="PASS">
          <params>
            <param index="0">
              <value>
                <![CDATA[Test Hotel 1]]>
              </value>
            </param>
            <param index="1">
              <value>
                <![CDATA[Positive]]>
              </value>
            </param>
            <param index="2">
              <value>
                <![CDATA[Verify Booking]]>
              </value>
            </param>
            <param index="3">
              <value>
                <![CDATA[Guest]]>
              </value>
            </param>
            <param index="4">
              <value>
                <![CDATA[GoNow]]>
              </value>
            </param>
            <param index="5">
              <value>
                <![CDATA[//v12staging/gonowtravel/]]>
              </value>
            </param>
            <param index="6">
              <value>
                <![CDATA[shubham.natkar@quadlabs.com]]>
              </value>
            </param>
            <param index="7">
              <value>
                <![CDATA[Admin@123]]>
              </value>
            </param>
            <param index="8">
              <value>
                <![CDATA[maa]]>
              </value>
            </param>
            <param index="9">
              <value>
                <![CDATA[Chennai , Tamil Nadu, India (MAA)]]>
              </value>
            </param>
            <param index="10">
              <value>
                <![CDATA[21-November-2022]]>
              </value>
            </param>
            <param index="11">
              <value>
                <![CDATA[25-November-2022]]>
              </value>
            </param>
            <param index="12">
              <value>
                <![CDATA[2]]>
              </value>
            </param>
            <param index="13">
              <value>
                <![CDATA[1,1]]>
              </value>
            </param>
            <param index="14">
              <value>
                <![CDATA[1,2]]>
              </value>
            </param>
            <param index="15">
              <value>
                <![CDATA[7,7,7]]>
              </value>
            </param>
            <param index="16">
              <value>
                <![CDATA[No]]>
              </value>
            </param>
            <param index="17">
              <value>
                <![CDATA[Mexican]]>
              </value>
            </param>
            <param index="18">
              <value>
                <![CDATA[AUD]]>
              </value>
            </param>
            <param index="19">
              <value>
                <![CDATA[1]]>
              </value>
            </param>
            <param index="20">
              <value>
                <![CDATA[Yes]]>
              </value>
            </param>
            <param index="21">
              <value>
                <![CDATA[No]]>
              </value>
            </param>
            <param index="22">
              <value>
                <![CDATA[Delhi]]>
              </value>
            </param>
            <param index="23">
              <value>
                <![CDATA[Delhi , National Capital Territory of Delhi, 6049927 ,India (DEL)]]>
              </value>
            </param>
            <param index="24">
              <value>
                <![CDATA[No]]>
              </value>
            </param>
            <param index="25">
              <value>
                <![CDATA[Taj Connemara]]>
              </value>
            </param>
            <param index="26">
              <value>
                <![CDATA[Yes]]>
              </value>
            </param>
            <param index="27">
              <value>
                <![CDATA[26-Oct-2022]]>
              </value>
            </param>
            <param index="28">
              <value>
                <![CDATA[29-Oct-2022]]>
              </value>
            </param>
            <param index="29">
              <value>
                <![CDATA[Yes]]>
              </value>
            </param>
            <param index="30">
              <value>
                <![CDATA[1]]>
              </value>
            </param>
            <param index="31">
              <value>
                <![CDATA[2]]>
              </value>
            </param>
            <param index="32">
              <value>
                <![CDATA[0]]>
              </value>
            </param>
            <param index="33">
              <value>
                <![CDATA[7,7]]>
              </value>
            </param>
            <param index="34">
              <value>
                <![CDATA[Yes]]>
              </value>
            </param>
            <param index="35">
              <value>
                <![CDATA[INR]]>
              </value>
            </param>
            <param index="36">
              <value>
                <![CDATA[Yes]]>
              </value>
            </param>
            <param index="37">
              <value>
                <![CDATA[1 Star and above]]>
              </value>
            </param>
            <param index="38">
              <value>
                <![CDATA[shubham.natkar@quadlabs.com]]>
              </value>
            </param>
            <param index="39">
              <value>
                <![CDATA[Ms,Ms,Mr]]>
              </value>
            </param>
            <param index="40">
              <value>
                <![CDATA[Laxmi Khanal,Sakshi Singh,Shubham Natkar]]>
              </value>
            </param>
            <param index="41">
              <value>
                <![CDATA[8447422233]]>
              </value>
            </param>
            <param index="42">
              <value>
                <![CDATA[Mstr,Mstr,Mstr]]>
              </value>
            </param>
            <param index="43">
              <value>
                <![CDATA[Abhish Jha,Bontu Chaudhary,Sagar Lal]]>
              </value>
            </param>
            <param index="44">
              <value>
                <![CDATA[15 May 2015,20 Jun 2015,25 Jul 2014]]>
              </value>
            </param>
            <param index="45">
              <value>
                <![CDATA[15 May 2015,20 Jun 2015,25 Jul 2015]]>
              </value>
            </param>
            <param index="46">
              <value>
                <![CDATA[Master Card]]>
              </value>
            </param>
            <param index="47">
              <value>
                <![CDATA[5123456789012346]]>
              </value>
            </param>
            <param index="48">
              <value>
                <![CDATA[Shubham Natkar]]>
              </value>
            </param>
            <param index="49">
              <value>
                <![CDATA[Apr,2025]]>
              </value>
            </param>
            <param index="50">
              <value>
                <![CDATA[123]]>
              </value>
            </param>
            <param index="51">
              <value>
                <![CDATA[Mr]]>
              </value>
            </param>
            <param index="52">
              <value>
                <![CDATA[Shubham Natkar]]>
              </value>
            </param>
            <param index="53">
              <value>
                <![CDATA[Gurgaon]]>
              </value>
            </param>
            <param index="54">
              <value>
                <![CDATA[India (IN)]]>
              </value>
            </param>
            <param index="55">
              <value>
                <![CDATA[del,Delhi]]>
              </value>
            </param>
          </params>
          <reporter-output>
          </reporter-output>
        </test-method> <!-- v12stagingforhotel -->
        <test-method is-config="true" signature="afterMetod()[pri:0, instance:goNow.GoNowHotel@69997e9d]" started-at="2022-10-04T10:51:56 IST" name="afterMetod" finished-at="2022-10-04T10:51:56 IST" duration-ms="217" status="PASS">
          <reporter-output>
          </reporter-output>
        </test-method> <!-- afterMetod -->
      </class> <!-- goNow.GoNowHotel -->
    </test> <!-- Test -->
  </suite> <!-- Suite -->
</testng-results>
